
************************
Creating a NeuralManager
==> Loading full basis...
	Full basis size: 151422
	Features: 231
Done.

Loading computation
	path='_saved_comp'
Done.
Model: "sequential"
┏━━━━━━━━━━━━━━━━━━━━━━━━━━━━━━━━━┳━━━━━━━━━━━━━━━━━━━━━━━━┳━━━━━━━━━━━━━━━┓
┃ Layer (type)                    ┃ Output Shape           ┃       Param # ┃
┡━━━━━━━━━━━━━━━━━━━━━━━━━━━━━━━━━╇━━━━━━━━━━━━━━━━━━━━━━━━╇━━━━━━━━━━━━━━━┩
│ dense (Dense)                   │ (None, 231)            │        53,592 │
├─────────────────────────────────┼────────────────────────┼───────────────┤
│ dense_1 (Dense)                 │ (None, 231)            │        53,592 │
├─────────────────────────────────┼────────────────────────┼───────────────┤
│ dense_2 (Dense)                 │ (None, 115)            │        26,680 │
├─────────────────────────────────┼────────────────────────┼───────────────┤
│ dense_3 (Dense)                 │ (None, 57)             │         6,612 │
├─────────────────────────────────┼────────────────────────┼───────────────┤
│ dense_4 (Dense)                 │ (None, 2)              │           116 │
└─────────────────────────────────┴────────────────────────┴───────────────┘
 Total params: 140,592 (549.19 KB)
 Trainable params: 140,592 (549.19 KB)
 Non-trainable params: 0 (0.00 B)

Sorting out the basis using a neural network
cutlog: -8.5
==> Reading and preparing weights...
	Prior weights were present;
	they are taken into account and deleted.
Done.
==> Training the neural network...
	Training set size: 34501
	...of which important: 9362
+++++ STARTING EVALUATION +++++
2/2 - 0s - 172ms/step - accuracy: 0.6517 - loss: 0.6764
+++++ TRAINING +++++
Epoch 1/200
863/863 - 3s - 4ms/step - accuracy: 0.8602 - loss: 0.3226 - val_accuracy: 0.8823 - val_loss: 0.2729
Epoch 2/200
863/863 - 2s - 2ms/step - accuracy: 0.9141 - loss: 0.2011 - val_accuracy: 0.9155 - val_loss: 0.2024
Epoch 3/200
863/863 - 2s - 2ms/step - accuracy: 0.9403 - loss: 0.1453 - val_accuracy: 0.9300 - val_loss: 0.1817
Epoch 4/200
863/863 - 2s - 2ms/step - accuracy: 0.9554 - loss: 0.1091 - val_accuracy: 0.9312 - val_loss: 0.1807
Epoch 5/200
863/863 - 2s - 2ms/step - accuracy: 0.9650 - loss: 0.0868 - val_accuracy: 0.9357 - val_loss: 0.1784
Epoch 6/200
863/863 - 2s - 2ms/step - accuracy: 0.9733 - loss: 0.0695 - val_accuracy: 0.9380 - val_loss: 0.1621
Epoch 7/200
863/863 - 2s - 2ms/step - accuracy: 0.9789 - loss: 0.0569 - val_accuracy: 0.9374 - val_loss: 0.2208
Epoch 8/200
863/863 - 2s - 2ms/step - accuracy: 0.9803 - loss: 0.0496 - val_accuracy: 0.9410 - val_loss: 0.2103
Epoch 9/200
863/863 - 2s - 2ms/step - accuracy: 0.9844 - loss: 0.0403 - val_accuracy: 0.9413 - val_loss: 0.2260
Epoch 10/200
863/863 - 2s - 2ms/step - accuracy: 0.9868 - loss: 0.0356 - val_accuracy: 0.9344 - val_loss: 0.2406
Epoch 11/200
863/863 - 2s - 2ms/step - accuracy: 0.9878 - loss: 0.0327 - val_accuracy: 0.9444 - val_loss: 0.2413
Epoch 12/200
863/863 - 2s - 2ms/step - accuracy: 0.9887 - loss: 0.0285 - val_accuracy: 0.9400 - val_loss: 0.2564
Epoch 13/200
863/863 - 2s - 2ms/step - accuracy: 0.9905 - loss: 0.0247 - val_accuracy: 0.9420 - val_loss: 0.2755
Epoch 14/200
863/863 - 2s - 2ms/step - accuracy: 0.9910 - loss: 0.0242 - val_accuracy: 0.9425 - val_loss: 0.2920
Epoch 15/200
863/863 - 2s - 2ms/step - accuracy: 0.9931 - loss: 0.0189 - val_accuracy: 0.9397 - val_loss: 0.3356
Epoch 16/200
863/863 - 2s - 2ms/step - accuracy: 0.9918 - loss: 0.0214 - val_accuracy: 0.9417 - val_loss: 0.3769
Done.
==> Applying the neural network...
	Application to: 116921
	Classified as important: 18615
Done.
==> Balancing the next training set...
	Balancing fraction: 0.5
	Balance set size: 9307
Done.
==> Writing input for the atomic code...
	Number of written: 37284
Done.

Saving computation
	path='_saved_comp1'
Done.
