
************************
Creating a NeuralManager
==> Loading full basis...
	Full basis size: 151422
	Features: 231
Done.

Loading computation
	path='_saved_comp3'
Done.

Sorting out the basis using a neural network
cutlog: -10.0
==> Reading and preparing weights...
Done.
==> Training the neural network...
	Training set size: 19317
	...of which important: 9923
+++++ STARTING EVALUATION +++++
1/1 - 0s - 347ms/step - accuracy: 0.7673 - loss: 1.1312
+++++ TRAINING +++++
Epoch 1/200
483/483 - 2s - 3ms/step - accuracy: 0.8016 - loss: 0.4413 - val_accuracy: 0.8282 - val_loss: 0.3819
Epoch 2/200
483/483 - 1s - 2ms/step - accuracy: 0.8748 - loss: 0.2872 - val_accuracy: 0.8346 - val_loss: 0.3767
Epoch 3/200
483/483 - 1s - 2ms/step - accuracy: 0.9166 - loss: 0.2034 - val_accuracy: 0.8481 - val_loss: 0.3752
Epoch 4/200
483/483 - 1s - 2ms/step - accuracy: 0.9447 - loss: 0.1400 - val_accuracy: 0.8419 - val_loss: 0.4168
Epoch 5/200
483/483 - 1s - 2ms/step - accuracy: 0.9605 - loss: 0.0993 - val_accuracy: 0.8442 - val_loss: 0.4703
Epoch 6/200
483/483 - 1s - 2ms/step - accuracy: 0.9719 - loss: 0.0746 - val_accuracy: 0.8473 - val_loss: 0.5552
Epoch 7/200
483/483 - 1s - 2ms/step - accuracy: 0.9792 - loss: 0.0604 - val_accuracy: 0.8504 - val_loss: 0.5768
Epoch 8/200
483/483 - 1s - 2ms/step - accuracy: 0.9803 - loss: 0.0511 - val_accuracy: 0.8408 - val_loss: 0.5905
Epoch 9/200
483/483 - 1s - 2ms/step - accuracy: 0.9852 - loss: 0.0421 - val_accuracy: 0.8476 - val_loss: 0.6700
Epoch 10/200
483/483 - 1s - 2ms/step - accuracy: 0.9872 - loss: 0.0347 - val_accuracy: 0.8458 - val_loss: 0.7205
Epoch 11/200
483/483 - 1s - 2ms/step - accuracy: 0.9869 - loss: 0.0394 - val_accuracy: 0.8514 - val_loss: 0.7275
Epoch 12/200
483/483 - 1s - 2ms/step - accuracy: 0.9907 - loss: 0.0286 - val_accuracy: 0.8491 - val_loss: 0.7035
Epoch 13/200
483/483 - 1s - 2ms/step - accuracy: 0.9902 - loss: 0.0295 - val_accuracy: 0.8486 - val_loss: 0.6780
Epoch 14/200
483/483 - 1s - 2ms/step - accuracy: 0.9911 - loss: 0.0264 - val_accuracy: 0.8465 - val_loss: 0.8092
Epoch 15/200
483/483 - 1s - 2ms/step - accuracy: 0.9903 - loss: 0.0286 - val_accuracy: 0.8432 - val_loss: 0.7489
Epoch 16/200
483/483 - 1s - 2ms/step - accuracy: 0.9926 - loss: 0.0219 - val_accuracy: 0.8561 - val_loss: 0.7317
Epoch 17/200
483/483 - 1s - 2ms/step - accuracy: 0.9915 - loss: 0.0271 - val_accuracy: 0.8421 - val_loss: 0.7584
Epoch 18/200
483/483 - 1s - 2ms/step - accuracy: 0.9911 - loss: 0.0271 - val_accuracy: 0.8517 - val_loss: 0.7372
Epoch 19/200
483/483 - 1s - 2ms/step - accuracy: 0.9926 - loss: 0.0201 - val_accuracy: 0.8478 - val_loss: 0.7951
Epoch 20/200
483/483 - 1s - 2ms/step - accuracy: 0.9923 - loss: 0.0242 - val_accuracy: 0.8452 - val_loss: 0.7616
Epoch 21/200
483/483 - 1s - 2ms/step - accuracy: 0.9920 - loss: 0.0227 - val_accuracy: 0.8481 - val_loss: 0.7785
Done.
==> Applying the neural network...
	Application to: 101805
	Classified as important: 13604
Done.
==> Balancing the next training set...
	Balancing fraction: 0.5
	Balance set size: 6802
Done.
==> Writing input for the atomic code...
	Number of written: 60629
Done.

Saving computation
	path='_saved_comp4'
Done.
